#
# A fatal error has been detected by the Java Runtime Environment:
#
#  EXCEPTION_ACCESS_VIOLATION (0xc0000005) at pc=0x0000000057ea584a, pid=3228, tid=0x0000000000000a2c
#
# JRE version: Java(TM) SE Runtime Environment (8.0_101-b13) (build 1.8.0_101-b13)
# Java VM: Java HotSpot(TM) 64-Bit Server VM (25.101-b13 mixed mode windows-amd64 compressed oops)
# Problematic frame:
# C  [glass.dll+0x2584a]
#
# Failed to write core dump. Minidumps are not enabled by default on client versions of Windows
#
# If you would like to submit a bug report, please visit:
#   http://bugreport.java.com/bugreport/crash.jsp
#

---------------  T H R E A D  ---------------

Current thread (0x0000000017ac6000):  VMThread [stack: 0x0000000018b70000,0x0000000018c70000] [id=2604]

siginfo: ExceptionCode=0xc0000005, reading address 0x0000000000000000

Registers:
RAX=0x0000000000000000, RBX=0x000000001a038158, RCX=0x0000000017ac6000, RDX=0x000000001a038158
RSP=0x0000000018c6f440, RBP=0x00000000011850c0, RSI=0x0000000000000001, RDI=0x0000000000000000
R8 =0x0000000000010002, R9 =0x00000000011850c0, R10=0x0000000000000000, R11=0x0000000000000246
R12=0x00000000011850f0, R13=0x00000000011850c0, R14=0x00000000011850d0, R15=0x0000000000000000
RIP=0x0000000057ea584a, EFLAGS=0x0000000000010202

Top of Stack: (sp=0x0000000018c6f440)
0x0000000018c6f440:   0000000000000000 0000000057ea5900
0x0000000018c6f450:   0000000000000000 00000000011850c0
0x0000000018c6f460:   0000000057ea5830 0000000057ea3224
0x0000000018c6f470:   0000000057eb91b0 00007ffa0ea11f13
0x0000000018c6f480:   0000000000000001 0000000000000001
0x0000000018c6f490:   0000000057ea3384 0000000057e80000
0x0000000018c6f4a0:   00007ffa904331b0 0000000057ea34a6
0x0000000018c6f4b0:   0000000000000001 00000000179d6510
0x0000000018c6f4c0:   0000000000000000 0000000000000000
0x0000000018c6f4d0:   c000000500000001 0000000018c6e710
0x0000000018c6f4e0:   0000000057ea3384 00007ffa90309d9f
0x0000000018c6f4f0:   0000000000000000 0000000000000001
0x0000000018c6f500:   0000000057e80000 0000000000000000
0x0000000018c6f510:   000016fadbcaabc2 0000000001132dc0
0x0000000018c6f520:   00007ffa8e734500 0000000001501600
0x0000000018c6f530:   0000000001501600 000000000115ffd0 

Instructions: (pc=0x0000000057ea584a)
0x0000000057ea582a:   83 c4 20 5d c3 cc 40 53 48 83 ec 20 48 8b 1d cb
0x0000000057ea583a:   5b 01 00 48 85 db 74 1a e8 19 93 ff ff 48 8b d3
0x0000000057ea584a:   4c 8b 00 48 8b c8 48 83 c4 20 5b 49 ff a0 b0 00
0x0000000057ea585a:   00 00 48 83 c4 20 5b c3 cc cc cc cc cc cc cc cc 


Register to memory mapping:

RAX=0x0000000000000000 is an unknown value
RBX=0x000000001a038158 is a global jni handle
RCX=0x0000000017ac6000 is an unknown value
RDX=0x000000001a038158 is a global jni handle
RSP=0x0000000018c6f440 is an unknown value
RBP=0x00000000011850c0 is an unknown value
RSI=0x0000000000000001 is an unknown value
RDI=0x0000000000000000 is an unknown value
R8 =0x0000000000010002 is an unknown value
R9 =0x00000000011850c0 is an unknown value
R10=0x0000000000000000 is an unknown value
R11=0x0000000000000246 is an unknown value
R12=0x00000000011850f0 is an unknown value
R13=0x00000000011850c0 is an unknown value
R14=0x00000000011850d0 is an unknown value
R15=0x0000000000000000 is an unknown value


Stack: [0x0000000018b70000,0x0000000018c70000],  sp=0x0000000018c6f440,  free space=1021k
Native frames: (J=compiled Java code, j=interpreted, Vv=VM code, C=native code)
C  [glass.dll+0x2584a]
C  [glass.dll+0x23224]
C  [glass.dll+0x234a6]
C  [ntdll.dll+0x29d9f]
C  [ntdll.dll+0x806b]
C  [ntdll.dll+0x7d94]
C  [KERNEL32.DLL+0x1ce6a]
C  [msvcr100.dll+0x20ccd]
V  [jvm.dll+0x212ba5]
V  [jvm.dll+0x24b777]
V  [jvm.dll+0x24aa16]
V  [jvm.dll+0x24aeb1]
V  [jvm.dll+0x24b0ce]
V  [jvm.dll+0x29c18a]
C  [msvcr100.dll+0x21d9f]
C  [msvcr100.dll+0x21e3b]
C  [KERNEL32.DLL+0x8364]
C  [ntdll.dll+0x65e91]

VM_Operation (0x000000001b049510): Exit, mode: safepoint, requested by thread 0x000000001a035800


---------------  P R O C E S S  ---------------

Java Threads: ( => current thread )
  0x000000001a566000 JavaThread "Prism Font Disposer" daemon [_thread_blocked, id=6100, stack(0x0000000023670000,0x0000000023770000)]
  0x000000001a0b1000 JavaThread "Thread-3" daemon [_thread_in_native, id=6388, stack(0x000000001f100000,0x000000001f200000)]
  0x000000001a035800 JavaThread "JavaFX Application Thread" [_thread_blocked, id=3052, stack(0x000000001af50000,0x000000001b050000)]
  0x000000001a016000 JavaThread "Thread-2" daemon [_thread_blocked, id=1764, stack(0x000000001ac40000,0x000000001ad40000)]
  0x0000000019fd7000 JavaThread "QuantumRenderer-0" daemon [_thread_blocked, id=5380, stack(0x000000001a920000,0x000000001aa20000)]
  0x000000001a006800 JavaThread "JavaFX-Launcher" [_thread_blocked, id=8096, stack(0x000000001a820000,0x000000001a920000)]
  0x000000001955f800 JavaThread "Monitor Ctrl-Break" daemon [_thread_in_native, id=2136, stack(0x0000000019ae0000,0x0000000019be0000)]
  0x0000000019491000 JavaThread "Service Thread" daemon [_thread_blocked, id=9068, stack(0x0000000019860000,0x0000000019960000)]
  0x0000000017b14800 JavaThread "C1 CompilerThread2" daemon [_thread_blocked, id=6572, stack(0x0000000019360000,0x0000000019460000)]
  0x0000000017b04800 JavaThread "C2 CompilerThread1" daemon [_thread_blocked, id=4000, stack(0x0000000019260000,0x0000000019360000)]
  0x0000000017b01000 JavaThread "C2 CompilerThread0" daemon [_thread_blocked, id=4040, stack(0x0000000019160000,0x0000000019260000)]
  0x0000000017b00000 JavaThread "Attach Listener" daemon [_thread_blocked, id=8900, stack(0x0000000019060000,0x0000000019160000)]
  0x0000000017afc800 JavaThread "Signal Dispatcher" daemon [_thread_blocked, id=2712, stack(0x0000000018f60000,0x0000000019060000)]
  0x0000000017ae9000 JavaThread "Finalizer" daemon [_thread_blocked, id=9040, stack(0x0000000018d70000,0x0000000018e70000)]
  0x0000000002ed1000 JavaThread "Reference Handler" daemon [_thread_blocked, id=8180, stack(0x0000000018c70000,0x0000000018d70000)]
  0x000000000150d800 JavaThread "main" [_thread_blocked, id=6428, stack(0x0000000002ce0000,0x0000000002de0000)]

Other Threads:
=>0x0000000017ac6000 VMThread [stack: 0x0000000018b70000,0x0000000018c70000] [id=2604]

VM state:at safepoint (shutting down)

VM Mutex/Monitor currently owned by a thread:  ([mutex/lock_event])
[0x000000000150d3e0] Threads_lock - owner thread: 0x0000000017ac6000

Heap:
 PSYoungGen      total 38400K, used 21650K [0x00000000d5580000, 0x00000000d8000000, 0x0000000100000000)
  eden space 33280K, 51% used [0x00000000d5580000,0x00000000d6623b80,0x00000000d7600000)
  from space 5120K, 90% used [0x00000000d7600000,0x00000000d7a80e28,0x00000000d7b00000)
  to   space 5120K, 0% used [0x00000000d7b00000,0x00000000d7b00000,0x00000000d8000000)
 ParOldGen       total 87552K, used 88K [0x0000000080000000, 0x0000000085580000, 0x00000000d5580000)
  object space 87552K, 0% used [0x0000000080000000,0x0000000080016010,0x0000000085580000)
 Metaspace       used 18374K, capacity 19250K, committed 19584K, reserved 1067008K
  class space    used 2632K, capacity 2826K, committed 2944K, reserved 1048576K

Card table byte_map: [0x00000000122a0000,0x00000000126b0000] byte_map_base: 0x0000000011ea0000

Marking Bits: (ParMarkBitMap*) 0x0000000057bda6d0
 Begin Bits: [0x0000000012d60000, 0x0000000014d60000)
 End Bits:   [0x0000000014d60000, 0x0000000016d60000)

Polling page: 0x0000000001510000

CodeCache: size=245760Kb used=5483Kb max_used=5483Kb free=240276Kb
 bounds [0x0000000002ee0000, 0x0000000003440000, 0x0000000011ee0000]
 total_blobs=2216 nmethods=1569 adapters=561
 compilation: enabled

Compilation events (10 events):
Event: 2.992 Thread 0x0000000017b14800 1565       3       com.sun.javafx.geom.transform.AffineBase::getMxt (5 bytes)
Event: 2.992 Thread 0x0000000017b14800 nmethod 1565 0x000000000343af50 code [0x000000000343b0a0, 0x000000000343b1f0]
Event: 2.992 Thread 0x0000000017b14800 1564       3       java.lang.Math::getExponent (17 bytes)
Event: 2.992 Thread 0x0000000017b14800 nmethod 1564 0x000000000343b290 code [0x000000000343b3e0, 0x000000000343b550]
Event: 3.023 Thread 0x0000000017b14800 1567       3       java.util.concurrent.atomic.AtomicBoolean::set (14 bytes)
Event: 3.023 Thread 0x0000000017b14800 nmethod 1567 0x000000000343b5d0 code [0x000000000343b720, 0x000000000343b8d0]
Event: 3.023 Thread 0x0000000017b14800 1566       1       java.util.WeakHashMap$Entry::getValue (5 bytes)
Event: 3.023 Thread 0x0000000017b14800 nmethod 1566 0x000000000343b950 code [0x000000000343baa0, 0x000000000343bbb0]
Event: 3.204 Thread 0x0000000017b14800 1569       3       sun.invoke.util.VerifyAccess::isTypeVisible (49 bytes)
Event: 3.205 Thread 0x0000000017b14800 nmethod 1569 0x000000000343bfd0 code [0x000000000343c160, 0x000000000343c6a8]

GC Heap History (2 events):
Event: 2.089 GC heap before
{Heap before GC invocations=1 (full 0):
 PSYoungGen      total 38400K, used 33279K [0x00000000d5580000, 0x00000000d8000000, 0x0000000100000000)
  eden space 33280K, 99% used [0x00000000d5580000,0x00000000d75ffd38,0x00000000d7600000)
  from space 5120K, 0% used [0x00000000d7b00000,0x00000000d7b00000,0x00000000d8000000)
  to   space 5120K, 0% used [0x00000000d7600000,0x00000000d7600000,0x00000000d7b00000)
 ParOldGen       total 87552K, used 0K [0x0000000080000000, 0x0000000085580000, 0x00000000d5580000)
  object space 87552K, 0% used [0x0000000080000000,0x0000000080000000,0x0000000085580000)
 Metaspace       used 13499K, capacity 14078K, committed 14208K, reserved 1060864K
  class space    used 1729K, capacity 1874K, committed 1920K, reserved 1048576K
Event: 2.097 GC heap after
Heap after GC invocations=1 (full 0):
 PSYoungGen      total 38400K, used 4611K [0x00000000d5580000, 0x00000000d8000000, 0x0000000100000000)
  eden space 33280K, 0% used [0x00000000d5580000,0x00000000d5580000,0x00000000d7600000)
  from space 5120K, 90% used [0x00000000d7600000,0x00000000d7a80e28,0x00000000d7b00000)
  to   space 5120K, 0% used [0x00000000d7b00000,0x00000000d7b00000,0x00000000d8000000)
 ParOldGen       total 87552K, used 88K [0x0000000080000000, 0x0000000085580000, 0x00000000d5580000)
  object space 87552K, 0% used [0x0000000080000000,0x0000000080016010,0x0000000085580000)
 Metaspace       used 13499K, capacity 14078K, committed 14208K, reserved 1060864K
  class space    used 1729K, capacity 1874K, committed 1920K, reserved 1048576K
}

Deoptimization events (10 events):
Event: 2.328 Thread 0x000000001a035800 Uncommon trap: reason=class_check action=maybe_recompile pc=0x000000000318ab20 method=java.io.DataInputStream.readShort()S @ 4
Event: 2.328 Thread 0x000000001a035800 Uncommon trap: reason=class_check action=maybe_recompile pc=0x000000000318ab20 method=java.io.DataInputStream.readShort()S @ 4
Event: 2.328 Thread 0x000000001a035800 Uncommon trap: reason=class_check action=maybe_recompile pc=0x000000000318ab20 method=java.io.DataInputStream.readShort()S @ 4
Event: 2.328 Thread 0x000000001a035800 Uncommon trap: reason=class_check action=maybe_recompile pc=0x000000000318ab20 method=java.io.DataInputStream.readShort()S @ 4
Event: 2.331 Thread 0x000000001a035800 Uncommon trap: reason=class_check action=maybe_recompile pc=0x000000000300a830 method=java.lang.String.equals(Ljava/lang/Object;)Z @ 8
Event: 2.331 Thread 0x000000001a035800 Uncommon trap: reason=class_check action=maybe_recompile pc=0x000000000300a830 method=java.lang.String.equals(Ljava/lang/Object;)Z @ 8
Event: 2.331 Thread 0x000000001a035800 Uncommon trap: reason=class_check action=maybe_recompile pc=0x000000000300a830 method=java.lang.String.equals(Ljava/lang/Object;)Z @ 8
Event: 2.335 Thread 0x000000001a035800 Uncommon trap: reason=class_check action=maybe_recompile pc=0x000000000300a830 method=java.lang.String.equals(Ljava/lang/Object;)Z @ 8
Event: 2.379 Thread 0x000000001a035800 Uncommon trap: reason=unstable_if action=reinterpret pc=0x000000000338fa6c method=java.lang.ClassLoader.checkName(Ljava/lang/String;)Z @ 20
Event: 2.606 Thread 0x000000001a035800 Uncommon trap: reason=unstable_if action=reinterpret pc=0x0000000003344168 method=jdk.internal.org.objectweb.asm.Type.getArgumentsAndReturnSizes(Ljava/lang/String;)I @ 47

Internal exceptions (10 events):
Event: 1.679 Thread 0x000000001a035800 Exception <a 'java/lang/NullPointerException'> (0x00000000d662cfb8) thrown at [C:\re\workspace\8-2-build-windows-amd64-cygwin\jdk8u101\7261\hotspot\src\share\vm\prims\jvm.cpp, line 1390]
Event: 1.881 Thread 0x000000001a035800 Exception <a 'java/lang/ArrayIndexOutOfBoundsException'> (0x00000000d6c9ada0) thrown at [C:\re\workspace\8-2-build-windows-amd64-cygwin\jdk8u101\7261\hotspot\src\share\vm\runtime\sharedRuntime.cpp, line 605]
Event: 1.882 Thread 0x000000001a035800 Exception <a 'java/lang/ArrayIndexOutOfBoundsException'> (0x00000000d6c9ba88) thrown at [C:\re\workspace\8-2-build-windows-amd64-cygwin\jdk8u101\7261\hotspot\src\share\vm\runtime\sharedRuntime.cpp, line 605]
Event: 1.882 Thread 0x000000001a035800 Exception <a 'java/lang/ArrayIndexOutOfBoundsException'> (0x00000000d6c9c7f0) thrown at [C:\re\workspace\8-2-build-windows-amd64-cygwin\jdk8u101\7261\hotspot\src\share\vm\runtime\sharedRuntime.cpp, line 605]
Event: 1.883 Thread 0x000000001a035800 Exception <a 'java/lang/ArrayIndexOutOfBoundsException'> (0x00000000d6c9e2c0) thrown at [C:\re\workspace\8-2-build-windows-amd64-cygwin\jdk8u101\7261\hotspot\src\share\vm\runtime\sharedRuntime.cpp, line 605]
Event: 1.883 Thread 0x000000001a035800 Exception <a 'java/lang/ArrayIndexOutOfBoundsException'> (0x00000000d6c9f6d8) thrown at [C:\re\workspace\8-2-build-windows-amd64-cygwin\jdk8u101\7261\hotspot\src\share\vm\runtime\sharedRuntime.cpp, line 605]
Event: 1.912 Thread 0x000000001a035800 Exception <a 'java/lang/ArrayIndexOutOfBoundsException'> (0x00000000d6d954d0) thrown at [C:\re\workspace\8-2-build-windows-amd64-cygwin\jdk8u101\7261\hotspot\src\share\vm\runtime\sharedRuntime.cpp, line 605]
Event: 1.949 Thread 0x000000001a035800 Exception <a 'java/lang/ArrayIndexOutOfBoundsException'> (0x00000000d6f84dd8) thrown at [C:\re\workspace\8-2-build-windows-amd64-cygwin\jdk8u101\7261\hotspot\src\share\vm\runtime\sharedRuntime.cpp, line 605]
Event: 2.189 Thread 0x000000001a035800 Implicit null exception at 0x00000000031fda35 to 0x00000000031fdc45
Event: 3.214 Thread 0x00000000218f2800 Exception <a 'java/lang/IllegalStateException'> (0x00000000d6608ae0) thrown at [C:\re\workspace\8-2-build-windows-amd64-cygwin\jdk8u101\7261\hotspot\src\share\vm\prims\jvm.cpp, line 1390]

Events (10 events):
Event: 3.209 loading class java/util/IdentityHashMap$IdentityHashMapIterator
Event: 3.209 loading class java/util/IdentityHashMap$IdentityHashMapIterator done
Event: 3.209 loading class java/util/IdentityHashMap$KeyIterator done
Event: 3.209 Thread 0x00000000218f2800 Thread added: 0x00000000218f2800
Event: 3.212 loading class com/sun/javafx/tk/quantum/QuantumRenderer
Event: 3.212 loading class com/sun/javafx/tk/quantum/QuantumRenderer done
Event: 3.214 loading class com/sun/javafx/tk/quantum/QuantumToolkit
Event: 3.214 loading class com/sun/javafx/tk/quantum/QuantumToolkit done
Event: 3.216 Thread 0x00000000218f2800 Thread exited: 0x00000000218f2800
Event: 3.216 Executing VM operation: Exit


Dynamic libraries:
0x00007ff67ca00000 - 0x00007ff67ca37000 	C:\Program Files\Java\jdk1.8.0_101\bin\java.exe
0x00007ffa902e0000 - 0x00007ffa904b1000 	C:\Windows\SYSTEM32\ntdll.dll
0x00007ffa8e030000 - 0x00007ffa8e0db000 	C:\Windows\System32\KERNEL32.DLL
0x00007ffa8cb20000 - 0x00007ffa8cd3d000 	C:\Windows\System32\KERNELBASE.dll
0x00007ffa8fde0000 - 0x00007ffa8fe82000 	C:\Windows\System32\ADVAPI32.dll
0x00007ffa8e120000 - 0x00007ffa8e1be000 	C:\Windows\System32\msvcrt.dll
0x00007ffa8d8d0000 - 0x00007ffa8d929000 	C:\Windows\System32\sechost.dll
0x00007ffa8e1c0000 - 0x00007ffa8e2e1000 	C:\Windows\System32\RPCRT4.dll
0x00007ffa8e390000 - 0x00007ffa8e4f5000 	C:\Windows\System32\USER32.dll
0x00007ffa8cf40000 - 0x00007ffa8cf5e000 	C:\Windows\System32\win32u.dll
0x00007ffa8e0e0000 - 0x00007ffa8e114000 	C:\Windows\System32\GDI32.dll
0x00007ffa8c870000 - 0x00007ffa8c9f2000 	C:\Windows\System32\gdi32full.dll
0x00007ffa849e0000 - 0x00007ffa84c59000 	C:\Windows\WinSxS\amd64_microsoft.windows.common-controls_6595b64144ccf1df_6.0.14393.0_none_2d0f50fcbdb171b8\COMCTL32.dll
0x00007ffa8d930000 - 0x00007ffa8dbf7000 	C:\Windows\System32\combase.dll
0x00007ffa8cd40000 - 0x00007ffa8ce35000 	C:\Windows\System32\ucrtbase.dll
0x00007ffa8ca00000 - 0x00007ffa8ca6a000 	C:\Windows\System32\bcryptPrimitives.dll
0x00007ffa8e500000 - 0x00007ffa8e52e000 	C:\Windows\System32\IMM32.DLL
0x0000000057fa0000 - 0x0000000058072000 	C:\Program Files\Java\jdk1.8.0_101\jre\bin\msvcr100.dll
0x00000000573c0000 - 0x0000000057c5a000 	C:\Program Files\Java\jdk1.8.0_101\jre\bin\server\jvm.dll
0x00007ffa8e5c0000 - 0x00007ffa8e5c8000 	C:\Windows\System32\PSAPI.DLL
0x00007ffa73a40000 - 0x00007ffa73a49000 	C:\Windows\SYSTEM32\WSOCK32.dll
0x00007ffa8e550000 - 0x00007ffa8e5ba000 	C:\Windows\System32\WS2_32.dll
0x00007ffa8aca0000 - 0x00007ffa8acc3000 	C:\Windows\SYSTEM32\WINMM.dll
0x00007ffa88930000 - 0x00007ffa8893a000 	C:\Windows\SYSTEM32\VERSION.dll
0x00000000014b0000 - 0x00000000014db000 	C:\Windows\SYSTEM32\WINMMBASE.dll
0x00007ffa8ce40000 - 0x00007ffa8ce82000 	C:\Windows\System32\cfgmgr32.dll
0x0000000057f90000 - 0x0000000057f9f000 	C:\Program Files\Java\jdk1.8.0_101\jre\bin\verify.dll
0x0000000057f60000 - 0x0000000057f89000 	C:\Program Files\Java\jdk1.8.0_101\jre\bin\java.dll
0x0000000057f40000 - 0x0000000057f56000 	C:\Program Files\Java\jdk1.8.0_101\jre\bin\zip.dll
0x00007ffa8e8d0000 - 0x00007ffa8fdd8000 	C:\Windows\System32\SHELL32.dll
0x00007ffa8d190000 - 0x00007ffa8d86a000 	C:\Windows\System32\windows.storage.dll
0x00007ffa8c800000 - 0x00007ffa8c84c000 	C:\Windows\System32\powrprof.dll
0x00007ffa8e850000 - 0x00007ffa8e8a2000 	C:\Windows\System32\shlwapi.dll
0x00007ffa8c850000 - 0x00007ffa8c85f000 	C:\Windows\System32\kernel.appcore.dll
0x00007ffa8ce90000 - 0x00007ffa8cf39000 	C:\Windows\System32\shcore.dll
0x00007ffa8c7e0000 - 0x00007ffa8c7f4000 	C:\Windows\System32\profapi.dll
0x00007ffa8a0c0000 - 0x00007ffa8a0d0000 	C:\Program Files (x86)\JetBrains\IntelliJ IDEA 2016.2\bin\breakgen64.dll
0x0000000057f20000 - 0x0000000057f3a000 	C:\Program Files\Java\jdk1.8.0_101\jre\bin\net.dll
0x00007ffa8c110000 - 0x00007ffa8c16c000 	C:\Windows\system32\mswsock.dll
0x00007ffa8c2b0000 - 0x00007ffa8c2c7000 	C:\Windows\SYSTEM32\CRYPTSP.dll
0x00007ffa8bd20000 - 0x00007ffa8bd53000 	C:\Windows\system32\rsaenh.dll
0x00007ffa8c3c0000 - 0x00007ffa8c3eb000 	C:\Windows\SYSTEM32\bcrypt.dll
0x00007ffa8bf90000 - 0x00007ffa8bfaf000 	C:\Windows\SYSTEM32\USERENV.dll
0x00007ffa8c2d0000 - 0x00007ffa8c2db000 	C:\Windows\SYSTEM32\CRYPTBASE.dll
0x00007ffa8bea0000 - 0x00007ffa8bed8000 	C:\Windows\SYSTEM32\IPHLPAPI.DLL
0x00007ffa8e8c0000 - 0x00007ffa8e8c8000 	C:\Windows\System32\NSI.dll
0x00007ffa89050000 - 0x00007ffa89066000 	C:\Windows\SYSTEM32\dhcpcsvc6.DLL
0x00007ffa89030000 - 0x00007ffa8904a000 	C:\Windows\SYSTEM32\dhcpcsvc.DLL
0x0000000057f00000 - 0x0000000057f11000 	C:\Program Files\Java\jdk1.8.0_101\jre\bin\nio.dll
0x000000006d580000 - 0x000000006d63d000 	C:\Users\Gleb\AppData\Local\Temp\sqlite-3.8.11.2-1569fd82-52bc-413d-b7db-c95ec2f9a12d-sqlitejdbc.dll
0x00007ffa70110000 - 0x00007ffa701ff000 	C:\Program Files\Java\jdk1.8.0_101\jre\bin\msvcr120.dll
0x00007ffa82540000 - 0x00007ffa825e6000 	C:\Program Files\Java\jdk1.8.0_101\jre\bin\msvcp120.dll
0x0000000057ed0000 - 0x0000000057ef2000 	C:\Program Files\Java\jdk1.8.0_101\jre\bin\prism_d3d.dll
0x00007ffa78b70000 - 0x00007ffa78cfd000 	C:\Windows\system32\d3d9.dll
0x00007ffa8a310000 - 0x00007ffa8a336000 	C:\Windows\SYSTEM32\dwmapi.dll
0x00007ffa8af30000 - 0x00007ffa8afc5000 	C:\Windows\system32\uxtheme.dll
0x00007ffa81d10000 - 0x00007ffa81ed9000 	C:\Windows\system32\nvspcap64.dll
0x00007ffa8fe90000 - 0x00007ffa8ffc7000 	C:\Windows\System32\ole32.dll
0x00007ffa8e630000 - 0x00007ffa8e6ec000 	C:\Windows\System32\OLEAUT32.dll
0x00007ffa8dc00000 - 0x00007ffa8e029000 	C:\Windows\System32\SETUPAPI.dll
0x00007ffa854f0000 - 0x00007ffa855bc000 	C:\Windows\SYSTEM32\WINHTTP.dll
0x00007ffa85010000 - 0x00007ffa85403000 	C:\Windows\system32\nvapi64.dll
0x00007ffa8b770000 - 0x00007ffa8b80f000 	C:\Windows\SYSTEM32\dxgi.dll
0x0000000057e80000 - 0x0000000057ec3000 	C:\Program Files\Java\jdk1.8.0_101\jre\bin\glass.dll
0x00007ffa901e0000 - 0x00007ffa902da000 	C:\Windows\System32\COMDLG32.dll
0x00007ffa8e6f0000 - 0x00007ffa8e84b000 	C:\Windows\System32\MSCTF.dll
0x00007ffa85ef0000 - 0x00007ffa85fd6000 	C:\Program Files (x86)\NVIDIA Corporation\3D Vision\nvSCPAPI64.dll
0x0000000057e50000 - 0x0000000057e64000 	C:\Program Files\Java\jdk1.8.0_101\jre\bin\javafx_font.dll
0x00007ffa80a10000 - 0x00007ffa80c79000 	C:\Windows\SYSTEM32\dwrite.dll
0x00007ffa8e2f0000 - 0x00007ffa8e38f000 	C:\Windows\System32\clbcatq.dll
0x00007ffa89ac0000 - 0x00007ffa89c68000 	C:\Windows\SYSTEM32\WindowsCodecs.dll
0x00007ffa78330000 - 0x00007ffa78379000 	C:\Windows\system32\dataexchange.dll
0x00007ffa8a5b0000 - 0x00007ffa8a701000 	C:\Windows\system32\dcomp.dll
0x00007ffa896f0000 - 0x00007ffa899a6000 	C:\Windows\system32\d3d11.dll
0x00007ffa8b240000 - 0x00007ffa8b35c000 	C:\Windows\system32\twinapi.appcore.dll
0x00007ffa7b9d0000 - 0x00007ffa7ba02000 	C:\Program Files\Common Files\Microsoft Shared\Ink\rtscom.dll
0x0000000057da0000 - 0x0000000057db1000 	C:\Program Files\Java\jdk1.8.0_101\jre\bin\prism_common.dll
0x00007ffa84320000 - 0x00007ffa8487f000 	C:\Windows\SYSTEM32\d2d1.dll
0x00007ffa8cfc0000 - 0x00007ffa8d188000 	C:\Windows\System32\CRYPT32.dll
0x00007ffa8c860000 - 0x00007ffa8c870000 	C:\Windows\System32\MSASN1.dll
0x00007ffa6cd90000 - 0x00007ffa6d01d000 	C:\Windows\SYSTEM32\D3D10Warp.dll
0x00007ffa88530000 - 0x00007ffa886c2000 	C:\Windows\SYSTEM32\dbghelp.dll

VM Arguments:
jvm_args: -Didea.launcher.port=7536 -Didea.launcher.bin.path=C:\Program Files (x86)\JetBrains\IntelliJ IDEA 2016.2\bin -Dfile.encoding=UTF-8 
java_command: com.intellij.rt.execution.application.AppMain com.company.start.db
java_class_path (initial): C:\Program Files\Java\jdk1.8.0_101\jre\lib\charsets.jar;C:\Program Files\Java\jdk1.8.0_101\jre\lib\deploy.jar;C:\Program Files\Java\jdk1.8.0_101\jre\lib\ext\access-bridge-64.jar;C:\Program Files\Java\jdk1.8.0_101\jre\lib\ext\cldrdata.jar;C:\Program Files\Java\jdk1.8.0_101\jre\lib\ext\dnsns.jar;C:\Program Files\Java\jdk1.8.0_101\jre\lib\ext\jaccess.jar;C:\Program Files\Java\jdk1.8.0_101\jre\lib\ext\jfxrt.jar;C:\Program Files\Java\jdk1.8.0_101\jre\lib\ext\localedata.jar;C:\Program Files\Java\jdk1.8.0_101\jre\lib\ext\nashorn.jar;C:\Program Files\Java\jdk1.8.0_101\jre\lib\ext\sunec.jar;C:\Program Files\Java\jdk1.8.0_101\jre\lib\ext\sunjce_provider.jar;C:\Program Files\Java\jdk1.8.0_101\jre\lib\ext\sunmscapi.jar;C:\Program Files\Java\jdk1.8.0_101\jre\lib\ext\sunpkcs11.jar;C:\Program Files\Java\jdk1.8.0_101\jre\lib\ext\zipfs.jar;C:\Program Files\Java\jdk1.8.0_101\jre\lib\javaws.jar;C:\Program Files\Java\jdk1.8.0_101\jre\lib\jce.jar;C:\Program Files\Java\jdk1.8.0_101\jre\lib\jfr.jar;C:\Program Files\Java\jdk1.8.0_101\jre\lib\jfxswt.jar;C:\Program Files\Java\jdk1.8.0_101\jre\lib\jsse.jar;C:\Program Files\Java\jdk1.8.0_101\jre\lib\management-agent.jar;C:\Program Files\Java\jdk1.8.0_101\jre\lib\plugin.jar;C:\Program Files\Java\jdk1.8.0_101\jre\lib\resources.jar;C:\Program Files\Java\jdk1.8.0_101\jre\lib\rt.jar;C:\Users\Gleb\SQLite_Test_1\out\production\SQLite_Test_1;C:\Users\Gleb\Downloads\sqlite-jdbc-3.8.11.2.jar;C:\Program Files (x86)\JetBrains\IntelliJ IDEA 2016.2\lib\idea_rt.jar
Launcher Type: SUN_STANDARD

Environment Variables:
PATH=C:\ProgramData\Oracle\Java\javapath;C:\Windows\system32;C:\Windows;C:\Windows\System32\Wbem;C:\Windows\System32\WindowsPowerShell\v1.0\;C:\Program Files (x86)\NVIDIA Corporation\PhysX\Common;C:\Program Files (x86)\Skype\Phone\;C:\Program Files\OpenVPN\bin;C:\Users\Gleb\AppData\Local\Microsoft\WindowsApps;
USERNAME=Gleb
OS=Windows_NT
PROCESSOR_IDENTIFIER=Intel64 Family 6 Model 23 Stepping 6, GenuineIntel



---------------  S Y S T E M  ---------------

OS: Windows 10.0 , 64 bit Build 14393 (10.0.14393.0)

CPU:total 4 (4 cores per cpu, 1 threads per core) family 6 model 23 stepping 6, cmov, cx8, fxsr, mmx, sse, sse2, sse3, ssse3, sse4.1, tsc

Memory: 4k page, physical 8387060k(3692856k free), swap 10484212k(2148084k free)

vm_info: Java HotSpot(TM) 64-Bit Server VM (25.101-b13) for windows-amd64 JRE (1.8.0_101-b13), built on Jun 22 2016 01:21:29 by "java_re" with MS VC++ 10.0 (VS2010)

time: Mon Sep 26 21:55:43 2016
elapsed time: 3 seconds (0d 0h 0m 3s)

